2025-06-18 08:51:10,630 INFO  info - class net.unical.pos.repository.impl.DeliveryOrderRepositoryImpl	UPDATE pos_main_customer_tb
2025-06-18 08:51:10,633 INFO  info - class net.unical.pos.repository.impl.DeliveryOrderRepositoryImpl	INSERT INTO pos_main_delivery_order_tb
2025-06-18 08:51:10,635 INFO  info - class net.unical.pos.repository.impl.DeliveryOrderRepositoryImpl	INSERT INTO pos_main_order_tb
2025-06-18 08:51:10,636 INFO  info - class net.unical.pos.repository.impl.DeliveryOrderRepositoryImpl	INSERT INTO pos_main_order_details_tb
2025-06-18 08:55:04,924 INFO  info - class net.unical.pos.repository.impl.DeliveryOrderRepositoryImpl	UPDATE pos_main_customer_tb
2025-06-18 08:55:04,925 INFO  info - class net.unical.pos.repository.impl.DeliveryOrderRepositoryImpl	INSERT INTO pos_main_delivery_order_tb
2025-06-18 08:55:04,926 INFO  info - class net.unical.pos.repository.impl.DeliveryOrderRepositoryImpl	INSERT INTO pos_main_order_tb
2025-06-18 08:55:04,927 INFO  info - class net.unical.pos.repository.impl.DeliveryOrderRepositoryImpl	INSERT INTO pos_main_order_details_tb
2025-06-18 08:56:08,202 INFO  info - class net.unical.pos.repository.impl.DeliveryOrderRepositoryImpl	UPDATE pos_main_customer_tb
2025-06-18 08:56:08,203 INFO  info - class net.unical.pos.repository.impl.DeliveryOrderRepositoryImpl	INSERT INTO pos_main_delivery_order_tb
2025-06-18 08:56:08,204 INFO  info - class net.unical.pos.repository.impl.DeliveryOrderRepositoryImpl	INSERT INTO pos_main_order_tb
2025-06-18 08:56:08,205 INFO  info - class net.unical.pos.repository.impl.DeliveryOrderRepositoryImpl	INSERT INTO pos_main_order_details_tb
2025-06-18 08:58:09,438 INFO  info - class net.unical.pos.repository.impl.DeliveryOrderRepositoryImpl	UPDATE pos_main_customer_tb
2025-06-18 08:58:09,439 INFO  info - class net.unical.pos.repository.impl.DeliveryOrderRepositoryImpl	INSERT INTO pos_main_delivery_order_tb
2025-06-18 08:58:09,440 INFO  info - class net.unical.pos.repository.impl.DeliveryOrderRepositoryImpl	INSERT INTO pos_main_order_tb
2025-06-18 08:58:09,440 INFO  info - class net.unical.pos.repository.impl.DeliveryOrderRepositoryImpl	INSERT INTO pos_main_order_details_tb
2025-06-18 09:10:40,415 INFO  info - class net.unical.pos.repository.impl.DeliveryOrderRepositoryImpl	UPDATE pos_main_customer_tb
2025-06-18 09:10:40,417 INFO  info - class net.unical.pos.repository.impl.DeliveryOrderRepositoryImpl	INSERT INTO pos_main_delivery_order_tb
2025-06-18 09:10:40,418 INFO  info - class net.unical.pos.repository.impl.DeliveryOrderRepositoryImpl	INSERT INTO pos_main_order_tb
2025-06-18 09:10:40,419 INFO  info - class net.unical.pos.repository.impl.DeliveryOrderRepositoryImpl	INSERT INTO pos_main_order_details_tb
2025-06-18 09:10:40,421 INFO  info - class net.unical.pos.repository.impl.DeliveryOrderRepositoryImpl	INSERT INTO pos_main_order_tb
2025-06-18 09:10:41,916 INFO  info - class net.unical.pos.view.deliveryOrders.DeliveryOrders	107 Order Save. User ID: 1
2025-06-18 09:11:25,689 INFO  info - class net.unical.pos.repository.impl.DeliveryOrderRepositoryImpl	UPDATE pos_main_customer_tb
2025-06-18 09:11:25,691 INFO  info - class net.unical.pos.repository.impl.DeliveryOrderRepositoryImpl	INSERT INTO pos_main_delivery_order_tb
2025-06-18 09:11:25,692 INFO  info - class net.unical.pos.repository.impl.DeliveryOrderRepositoryImpl	INSERT INTO pos_main_order_tb
2025-06-18 09:11:25,692 INFO  info - class net.unical.pos.repository.impl.DeliveryOrderRepositoryImpl	INSERT INTO pos_main_order_details_tb
2025-06-18 09:11:25,694 INFO  info - class net.unical.pos.repository.impl.DeliveryOrderRepositoryImpl	INSERT INTO pos_main_order_tb
2025-06-18 09:11:26,935 INFO  info - class net.unical.pos.view.deliveryOrders.DeliveryOrders	108 Order Save. User ID: 1
2025-06-18 09:11:40,674 INFO  info - class net.unical.pos.repository.impl.DeliveryOrderRepositoryImpl	UPDATE pos_main_customer_tb
2025-06-18 09:11:40,675 INFO  info - class net.unical.pos.repository.impl.DeliveryOrderRepositoryImpl	INSERT INTO pos_main_delivery_order_tb
2025-06-18 09:11:40,675 INFO  info - class net.unical.pos.repository.impl.DeliveryOrderRepositoryImpl	INSERT INTO pos_main_order_tb
2025-06-18 09:11:40,676 INFO  info - class net.unical.pos.repository.impl.DeliveryOrderRepositoryImpl	INSERT INTO pos_main_order_details_tb
2025-06-18 09:11:40,677 INFO  info - class net.unical.pos.repository.impl.DeliveryOrderRepositoryImpl	INSERT INTO pos_main_order_tb
2025-06-18 09:11:41,601 INFO  info - class net.unical.pos.view.deliveryOrders.DeliveryOrders	109 Order Save. User ID: 1
2025-06-18 09:11:47,861 INFO  info - class net.unical.pos.repository.impl.DeliveryOrderRepositoryImpl	UPDATE pos_main_customer_tb
2025-06-18 09:11:47,862 INFO  info - class net.unical.pos.repository.impl.DeliveryOrderRepositoryImpl	INSERT INTO pos_main_delivery_order_tb
2025-06-18 09:11:47,863 INFO  info - class net.unical.pos.repository.impl.DeliveryOrderRepositoryImpl	INSERT INTO pos_main_order_tb
2025-06-18 09:11:47,864 INFO  info - class net.unical.pos.repository.impl.DeliveryOrderRepositoryImpl	INSERT INTO pos_main_order_details_tb
2025-06-18 09:11:47,865 INFO  info - class net.unical.pos.repository.impl.DeliveryOrderRepositoryImpl	INSERT INTO pos_main_order_tb
2025-06-18 09:11:49,002 INFO  info - class net.unical.pos.view.deliveryOrders.DeliveryOrders	110 Order Save. User ID: 1
2025-06-18 09:12:04,702 INFO  info - class net.unical.pos.repository.impl.DeliveryOrderRepositoryImpl	INSERT INTO pos_main_customer_tb
2025-06-18 09:12:04,703 INFO  info - class net.unical.pos.repository.impl.DeliveryOrderRepositoryImpl	INSERT INTO pos_main_delivery_order_tb
2025-06-18 09:12:04,704 INFO  info - class net.unical.pos.repository.impl.DeliveryOrderRepositoryImpl	INSERT INTO pos_main_order_tb
2025-06-18 09:12:04,705 INFO  info - class net.unical.pos.repository.impl.DeliveryOrderRepositoryImpl	INSERT INTO pos_main_order_tb
2025-06-18 09:12:06,161 INFO  info - class net.unical.pos.view.deliveryOrders.DeliveryOrders	111 Order Save. User ID: 1
2025-06-18 09:12:23,040 INFO  info - class net.unical.pos.repository.impl.DeliveryOrderRepositoryImpl	INSERT INTO pos_main_customer_tb
2025-06-18 09:12:23,041 INFO  info - class net.unical.pos.repository.impl.DeliveryOrderRepositoryImpl	INSERT INTO pos_main_delivery_order_tb
2025-06-18 09:12:23,041 INFO  info - class net.unical.pos.repository.impl.DeliveryOrderRepositoryImpl	INSERT INTO pos_main_order_tb
2025-06-18 09:12:23,043 INFO  info - class net.unical.pos.repository.impl.DeliveryOrderRepositoryImpl	INSERT INTO pos_main_order_tb
2025-06-18 09:12:24,188 INFO  info - class net.unical.pos.view.deliveryOrders.DeliveryOrders	112 Order Save. User ID: 1
2025-06-18 09:12:52,243 INFO  info - class net.unical.pos.repository.impl.DeliveryOrderRepositoryImpl	UPDATE pos_main_customer_tb
2025-06-18 09:12:52,244 INFO  info - class net.unical.pos.repository.impl.DeliveryOrderRepositoryImpl	INSERT INTO pos_main_delivery_order_tb
2025-06-18 09:12:52,245 INFO  info - class net.unical.pos.repository.impl.DeliveryOrderRepositoryImpl	INSERT INTO pos_main_order_tb
2025-06-18 09:12:52,245 INFO  info - class net.unical.pos.repository.impl.DeliveryOrderRepositoryImpl	INSERT INTO pos_main_order_details_tb
2025-06-18 09:12:52,246 INFO  info - class net.unical.pos.repository.impl.DeliveryOrderRepositoryImpl	INSERT INTO pos_main_order_tb
2025-06-18 09:12:53,474 INFO  info - class net.unical.pos.view.deliveryOrders.DeliveryOrders	113 Order Save. User ID: 1
2025-06-18 09:13:25,315 INFO  info - class net.unical.pos.repository.impl.DeliveryOrderRepositoryImpl	INSERT INTO pos_main_customer_tb
2025-06-18 09:13:25,316 INFO  info - class net.unical.pos.repository.impl.DeliveryOrderRepositoryImpl	INSERT INTO pos_main_delivery_order_tb
2025-06-18 09:13:25,316 INFO  info - class net.unical.pos.repository.impl.DeliveryOrderRepositoryImpl	INSERT INTO pos_main_order_tb
2025-06-18 09:13:25,318 INFO  info - class net.unical.pos.repository.impl.DeliveryOrderRepositoryImpl	INSERT INTO pos_main_order_tb
2025-06-18 09:13:26,404 INFO  info - class net.unical.pos.view.deliveryOrders.DeliveryOrders	114 Order Save. User ID: 1
2025-06-18 09:14:27,935 INFO  info - class net.unical.pos.repository.impl.DeliveryOrderRepositoryImpl	INSERT INTO pos_main_customer_tb
2025-06-18 09:14:27,936 INFO  info - class net.unical.pos.repository.impl.DeliveryOrderRepositoryImpl	INSERT INTO pos_main_delivery_order_tb
2025-06-18 09:14:27,936 INFO  info - class net.unical.pos.repository.impl.DeliveryOrderRepositoryImpl	INSERT INTO pos_main_order_tb
2025-06-18 09:14:27,938 INFO  info - class net.unical.pos.repository.impl.DeliveryOrderRepositoryImpl	INSERT INTO pos_main_order_tb
2025-06-18 09:14:29,107 INFO  info - class net.unical.pos.view.deliveryOrders.DeliveryOrders	115 Order Save. User ID: 1
2025-06-18 09:25:37,998 INFO  info - class net.unical.pos.view.deliveryOrders.DeliveryOrders	Test Info
2025-06-18 09:30:27,608 INFO  info - class net.unical.pos.repository.impl.DeliveryOrderRepositoryImpl	UPDATE pos_main_customer_tb
2025-06-18 09:30:27,609 INFO  info - class net.unical.pos.repository.impl.DeliveryOrderRepositoryImpl	INSERT INTO pos_main_delivery_order_tb
2025-06-18 09:30:27,610 INFO  info - class net.unical.pos.repository.impl.DeliveryOrderRepositoryImpl	INSERT INTO pos_main_order_tb
2025-06-18 09:30:27,610 INFO  info - class net.unical.pos.repository.impl.DeliveryOrderRepositoryImpl	INSERT INTO pos_main_order_details_tb
2025-06-18 09:30:27,611 INFO  info - class net.unical.pos.repository.impl.DeliveryOrderRepositoryImpl	INSERT INTO pos_main_order_tb
2025-06-18 09:30:28,776 INFO  info - class net.unical.pos.view.deliveryOrders.DeliveryOrders	116 Order Save. User ID: 1
2025-06-18 09:39:01,373 INFO  info - class net.unical.pos.repository.impl.DeliveryOrderRepositoryImpl	UPDATE pos_main_customer_tb
2025-06-18 09:39:01,374 INFO  info - class net.unical.pos.repository.impl.DeliveryOrderRepositoryImpl	INSERT INTO pos_main_delivery_order_tb
2025-06-18 09:39:01,375 INFO  info - class net.unical.pos.repository.impl.DeliveryOrderRepositoryImpl	INSERT INTO pos_main_order_tb
2025-06-18 09:39:01,376 INFO  info - class net.unical.pos.repository.impl.DeliveryOrderRepositoryImpl	INSERT INTO pos_main_order_details_tb
2025-06-18 09:39:01,377 INFO  info - class net.unical.pos.repository.impl.DeliveryOrderRepositoryImpl	INSERT INTO pos_main_order_tb
2025-06-18 09:39:02,766 INFO  info - class net.unical.pos.view.deliveryOrders.DeliveryOrders	117 Order Save. User ID: 1
2025-06-18 09:39:13,145 INFO  info - class net.unical.pos.repository.impl.DeliveryOrderRepositoryImpl	UPDATE pos_main_customer_tb
2025-06-18 09:39:13,145 INFO  info - class net.unical.pos.repository.impl.DeliveryOrderRepositoryImpl	INSERT INTO pos_main_delivery_order_tb
2025-06-18 09:39:13,146 INFO  info - class net.unical.pos.repository.impl.DeliveryOrderRepositoryImpl	INSERT INTO pos_main_order_tb
2025-06-18 09:39:13,147 INFO  info - class net.unical.pos.repository.impl.DeliveryOrderRepositoryImpl	INSERT INTO pos_main_order_details_tb
2025-06-18 09:39:13,148 INFO  info - class net.unical.pos.repository.impl.DeliveryOrderRepositoryImpl	INSERT INTO pos_main_order_tb
2025-06-18 09:39:14,191 INFO  info - class net.unical.pos.view.deliveryOrders.DeliveryOrders	118 Order Save. User ID: 1
2025-06-18 09:39:35,014 INFO  info - class net.unical.pos.repository.impl.DeliveryOrderRepositoryImpl	UPDATE pos_main_customer_tb
2025-06-18 09:39:35,015 INFO  info - class net.unical.pos.repository.impl.DeliveryOrderRepositoryImpl	INSERT INTO pos_main_delivery_order_tb
2025-06-18 09:39:35,015 INFO  info - class net.unical.pos.repository.impl.DeliveryOrderRepositoryImpl	INSERT INTO pos_main_order_tb
2025-06-18 09:39:35,016 INFO  info - class net.unical.pos.repository.impl.DeliveryOrderRepositoryImpl	INSERT INTO pos_main_order_details_tb
2025-06-18 09:39:35,017 INFO  info - class net.unical.pos.repository.impl.DeliveryOrderRepositoryImpl	INSERT INTO pos_main_order_tb
2025-06-18 09:39:36,320 INFO  info - class net.unical.pos.view.deliveryOrders.DeliveryOrders	119 Order Save. User ID: 1
2025-06-18 09:39:56,240 INFO  info - class net.unical.pos.repository.impl.DeliveryOrderRepositoryImpl	UPDATE pos_main_customer_tb
2025-06-18 09:39:56,245 INFO  info - class net.unical.pos.repository.impl.DeliveryOrderRepositoryImpl	INSERT INTO pos_main_delivery_order_tb
2025-06-18 09:39:56,246 INFO  info - class net.unical.pos.repository.impl.DeliveryOrderRepositoryImpl	INSERT INTO pos_main_order_tb
2025-06-18 09:39:56,247 INFO  info - class net.unical.pos.repository.impl.DeliveryOrderRepositoryImpl	INSERT INTO pos_main_order_details_tb
2025-06-18 09:39:56,247 INFO  info - class net.unical.pos.repository.impl.DeliveryOrderRepositoryImpl	INSERT INTO pos_main_order_tb
2025-06-18 09:39:57,381 INFO  info - class net.unical.pos.view.deliveryOrders.DeliveryOrders	120 Order Save. User ID: 1
2025-06-18 09:40:32,310 INFO  info - class net.unical.pos.repository.impl.DeliveryOrderRepositoryImpl	UPDATE pos_main_customer_tb
2025-06-18 09:40:32,311 INFO  info - class net.unical.pos.repository.impl.DeliveryOrderRepositoryImpl	INSERT INTO pos_main_delivery_order_tb
2025-06-18 09:40:32,311 INFO  info - class net.unical.pos.repository.impl.DeliveryOrderRepositoryImpl	INSERT INTO pos_main_order_tb
2025-06-18 09:40:32,312 INFO  info - class net.unical.pos.repository.impl.DeliveryOrderRepositoryImpl	INSERT INTO pos_main_order_details_tb
2025-06-18 09:40:32,313 INFO  info - class net.unical.pos.repository.impl.DeliveryOrderRepositoryImpl	INSERT INTO pos_main_order_tb
2025-06-18 09:40:33,518 INFO  info - class net.unical.pos.view.deliveryOrders.DeliveryOrders	121 Order Save. User ID: 1
2025-06-18 09:40:44,471 INFO  info - class net.unical.pos.repository.impl.DeliveryOrderRepositoryImpl	UPDATE pos_main_customer_tb
2025-06-18 09:40:44,471 INFO  info - class net.unical.pos.repository.impl.DeliveryOrderRepositoryImpl	INSERT INTO pos_main_delivery_order_tb
2025-06-18 09:40:44,472 INFO  info - class net.unical.pos.repository.impl.DeliveryOrderRepositoryImpl	INSERT INTO pos_main_order_tb
2025-06-18 09:40:44,472 INFO  info - class net.unical.pos.repository.impl.DeliveryOrderRepositoryImpl	INSERT INTO pos_main_order_details_tb
2025-06-18 09:40:44,473 INFO  info - class net.unical.pos.repository.impl.DeliveryOrderRepositoryImpl	INSERT INTO pos_main_order_tb
2025-06-18 09:40:45,620 INFO  info - class net.unical.pos.view.deliveryOrders.DeliveryOrders	122 Order Save. User ID: 1
